2025-06-26 11:02:47,304 INFO: Resume Builder startup [in C:\Users\SHRUTAM TIWARI\OneDrive\Desktop\Resume bulder\app.py:33]
2025-06-26 11:02:47,308 ERROR: Missing required environment variable: SECRET_KEY [in C:\Users\SHRUTAM TIWARI\OneDrive\Desktop\Resume bulder\app.py:39]
2025-06-26 11:04:41,824 INFO: Resume Builder startup [in C:\Users\SHRUTAM TIWARI\OneDrive\Desktop\Resume bulder\app.py:33]
2025-06-26 11:04:41,824 ERROR: Missing required environment variable: SECRET_KEY [in C:\Users\SHRUTAM TIWARI\OneDrive\Desktop\Resume bulder\app.py:39]
2025-06-26 11:07:24,565 INFO: Resume Builder startup [in C:\Users\SHRUTAM TIWARI\OneDrive\Desktop\Resume bulder\app.py:33]
2025-06-26 11:07:25,677 INFO: Resume Builder startup [in C:\Users\SHRUTAM TIWARI\OneDrive\Desktop\Resume bulder\app.py:33]
2025-06-26 11:31:35,101 INFO: Resume Builder startup [in C:\Users\SHRUTAM TIWARI\OneDrive\Desktop\Resume bulder\app.py:33]
2025-06-26 11:32:43,311 INFO: Resume Builder startup [in C:\Users\SHRUTAM TIWARI\OneDrive\Desktop\Resume bulder\app.py:33]
2025-06-26 11:33:29,031 INFO: Resume Builder startup [in C:\Users\SHRUTAM TIWARI\OneDrive\Desktop\Resume bulder\app.py:33]
2025-06-26 11:33:59,931 INFO: Resume Builder startup [in C:\Users\SHRUTAM TIWARI\OneDrive\Desktop\Resume bulder\app.py:33]
2025-06-26 11:34:01,329 INFO: Resume Builder startup [in C:\Users\SHRUTAM TIWARI\OneDrive\Desktop\Resume bulder\app.py:33]
2025-06-26 11:47:23,402 INFO: Resume Builder startup [in C:\Users\SHRUTAM TIWARI\OneDrive\Desktop\Resume bulder\app.py:33]
2025-06-26 11:47:24,493 INFO: Resume Builder startup [in C:\Users\SHRUTAM TIWARI\OneDrive\Desktop\Resume bulder\app.py:33]
2025-06-26 11:48:23,423 INFO: Form data - Name: Adarsh tiwari 7000426836, Phone: 7000426836 [in C:\Users\SHRUTAM TIWARI\OneDrive\Desktop\Resume bulder\app.py:196]
2025-06-26 12:03:39,802 INFO: Resume Builder startup [in C:\Users\SHRUTAM TIWARI\OneDrive\Desktop\Resume bulder\app.py:33]
2025-06-26 12:03:40,948 INFO: Resume Builder startup [in C:\Users\SHRUTAM TIWARI\OneDrive\Desktop\Resume bulder\app.py:33]
2025-06-26 12:05:03,812 INFO: Form data - Name: Adarsh tiwari, Phone: 7000426836 [in C:\Users\SHRUTAM TIWARI\OneDrive\Desktop\Resume bulder\app.py:196]
2025-06-26 12:40:13,503 INFO: Resume Builder startup [in C:\Users\SHRUTAM TIWARI\OneDrive\Desktop\Resume bulder\app.py:33]
2025-06-26 12:40:13,505 INFO: Upload directory configured: C:\Users\SHRUTAM TIWARI\OneDrive\Desktop\Resume bulder\static\uploads [in C:\Users\SHRUTAM TIWARI\OneDrive\Desktop\Resume bulder\app.py:59]
2025-06-26 12:40:13,583 INFO: Form data - Name: Test User, Phone: +1234567890 [in C:\Users\SHRUTAM TIWARI\OneDrive\Desktop\Resume bulder\app.py:201]
2025-06-26 12:40:15,271 ERROR: Missing resume data or template [in C:\Users\SHRUTAM TIWARI\OneDrive\Desktop\Resume bulder\app.py:280]
2025-06-26 12:40:15,277 ERROR: Invalid template name: invalid_template [in C:\Users\SHRUTAM TIWARI\OneDrive\Desktop\Resume bulder\app.py:285]
2025-06-26 12:40:15,286 ERROR: Missing resume data or template [in C:\Users\SHRUTAM TIWARI\OneDrive\Desktop\Resume bulder\app.py:280]
